mode: set
telegram-reminder/internal/config/config.go:21.29,30.44 7 0
telegram-reminder/internal/config/config.go:30.44,32.3 1 0
telegram-reminder/internal/config/config.go:34.2,35.21 2 0
telegram-reminder/internal/config/config.go:35.21,38.17 3 0
telegram-reminder/internal/config/config.go:38.17,40.4 1 0
telegram-reminder/internal/config/config.go:43.2,43.25 1 0
telegram-reminder/internal/config/config.go:43.25,45.3 1 0
telegram-reminder/internal/config/config.go:47.2,55.17 2 0
telegram-reminder/internal/bot/bot.go:63.60,64.27 1 0
telegram-reminder/internal/bot/bot.go:64.27,67.17 3 0
telegram-reminder/internal/bot/bot.go:67.17,70.4 2 0
telegram-reminder/internal/bot/bot.go:72.2,72.32 1 0
telegram-reminder/internal/bot/bot.go:72.32,73.19 1 0
telegram-reminder/internal/bot/bot.go:73.19,74.12 1 0
telegram-reminder/internal/bot/bot.go:76.3,78.42 3 0
telegram-reminder/internal/bot/bot.go:78.42,84.18 5 0
telegram-reminder/internal/bot/bot.go:84.18,87.5 2 0
telegram-reminder/internal/bot/bot.go:88.4,88.23 1 0
telegram-reminder/internal/bot/bot.go:96.96,98.16 2 0
telegram-reminder/internal/bot/bot.go:98.16,101.3 2 0
telegram-reminder/internal/bot/bot.go:102.2,102.26 1 0
telegram-reminder/internal/bot/bot.go:102.26,104.17 2 0
telegram-reminder/internal/bot/bot.go:104.17,111.18 6 0
telegram-reminder/internal/bot/bot.go:111.18,114.5 2 0
telegram-reminder/internal/bot/bot.go:115.4,115.19 1 0
telegram-reminder/internal/bot/bot.go:115.19,116.62 1 0
telegram-reminder/internal/bot/bot.go:116.62,118.6 1 0
telegram-reminder/internal/bot/bot.go:118.11,120.6 1 0
telegram-reminder/internal/bot/bot.go:121.5,121.11 1 0
telegram-reminder/internal/bot/bot.go:123.4,124.18 2 0
telegram-reminder/internal/bot/bot.go:124.18,127.5 2 0
telegram-reminder/internal/bot/bot.go:128.4,128.27 1 0
telegram-reminder/internal/bot/bot.go:128.27,129.58 1 0
telegram-reminder/internal/bot/bot.go:129.58,131.6 1 0
telegram-reminder/internal/bot/bot.go:131.11,133.6 1 0
telegram-reminder/internal/bot/bot.go:137.3,138.10 2 0
telegram-reminder/internal/bot/bot.go:139.21,140.36 1 0
telegram-reminder/internal/bot/bot.go:141.11,143.21 2 0
telegram-reminder/internal/bot/bot.go:143.21,145.5 1 0
telegram-reminder/internal/bot/bot.go:146.4,146.50 1 0
telegram-reminder/internal/bot/bot.go:148.3,148.18 1 0
telegram-reminder/internal/bot/bot.go:148.18,150.4 1 0
telegram-reminder/internal/bot/bot.go:156.56,157.17 1 0
telegram-reminder/internal/bot/bot.go:157.17,158.70 1 0
telegram-reminder/internal/bot/bot.go:158.70,160.4 1 0
telegram-reminder/internal/bot/bot.go:161.3,161.9 1 0
telegram-reminder/internal/bot/bot.go:163.2,164.16 2 0
telegram-reminder/internal/bot/bot.go:164.16,167.3 2 0
telegram-reminder/internal/bot/bot.go:168.2,168.25 1 0
telegram-reminder/internal/bot/bot.go:168.25,169.66 1 0
telegram-reminder/internal/bot/bot.go:169.66,171.4 1 0
telegram-reminder/internal/bot/bot.go:177.35,178.27 1 0
telegram-reminder/internal/bot/bot.go:178.28,181.3 0 0
telegram-reminder/internal/bot/bot.go:183.2,184.16 2 0
telegram-reminder/internal/bot/bot.go:184.16,186.3 1 0
telegram-reminder/internal/bot/bot.go:187.2,189.21 2 0
telegram-reminder/internal/bot/bot.go:189.21,190.54 1 0
telegram-reminder/internal/bot/bot.go:190.54,192.4 1 0
telegram-reminder/internal/bot/bot.go:195.2,200.16 5 0
telegram-reminder/internal/bot/bot.go:200.16,202.3 1 0
telegram-reminder/internal/bot/bot.go:204.2,217.12 8 0
telegram-reminder/internal/bot/handlers.go:20.75,22.45 1 0
telegram-reminder/internal/bot/handlers.go:22.45,24.3 1 0
telegram-reminder/internal/bot/handlers.go:27.2,27.46 1 0
telegram-reminder/internal/bot/handlers.go:27.46,28.55 1 0
telegram-reminder/internal/bot/handlers.go:28.55,30.4 1 0
telegram-reminder/internal/bot/handlers.go:31.3,31.49 1 0
telegram-reminder/internal/bot/handlers.go:35.2,35.50 1 0
telegram-reminder/internal/bot/handlers.go:35.50,37.17 2 0
telegram-reminder/internal/bot/handlers.go:37.17,39.4 1 0
telegram-reminder/internal/bot/handlers.go:40.3,40.20 1 0
telegram-reminder/internal/bot/handlers.go:40.20,42.4 1 0
telegram-reminder/internal/bot/handlers.go:43.3,43.38 1 0
telegram-reminder/internal/bot/handlers.go:47.2,47.47 1 0
telegram-reminder/internal/bot/handlers.go:47.47,49.20 2 0
telegram-reminder/internal/bot/handlers.go:49.20,51.4 1 0
telegram-reminder/internal/bot/handlers.go:52.3,53.17 2 0
telegram-reminder/internal/bot/handlers.go:53.17,55.4 1 0
telegram-reminder/internal/bot/handlers.go:56.3,56.51 1 0
telegram-reminder/internal/bot/handlers.go:56.51,58.4 1 0
telegram-reminder/internal/bot/handlers.go:59.3,59.27 1 0
telegram-reminder/internal/bot/handlers.go:63.2,63.46 1 0
telegram-reminder/internal/bot/handlers.go:63.46,65.17 2 0
telegram-reminder/internal/bot/handlers.go:65.17,67.4 1 0
telegram-reminder/internal/bot/handlers.go:68.3,68.36 1 0
telegram-reminder/internal/bot/handlers.go:72.2,72.45 1 0
telegram-reminder/internal/bot/handlers.go:72.45,75.17 3 0
telegram-reminder/internal/bot/handlers.go:75.17,77.4 1 0
telegram-reminder/internal/bot/handlers.go:78.3,78.17 1 0
telegram-reminder/internal/bot/handlers.go:78.17,80.4 1 0
telegram-reminder/internal/bot/handlers.go:81.3,82.10 2 0
telegram-reminder/internal/bot/handlers.go:82.10,84.4 1 0
telegram-reminder/internal/bot/handlers.go:85.3,90.17 5 0
telegram-reminder/internal/bot/handlers.go:90.17,92.4 1 0
telegram-reminder/internal/bot/handlers.go:93.3,93.22 1 0
telegram-reminder/internal/bot/handlers.go:97.2,97.46 1 0
telegram-reminder/internal/bot/handlers.go:97.46,99.20 2 0
telegram-reminder/internal/bot/handlers.go:99.20,101.4 1 0
telegram-reminder/internal/bot/handlers.go:102.3,102.57 1 0
telegram-reminder/internal/bot/handlers.go:106.2,106.46 1 0
telegram-reminder/internal/bot/handlers.go:106.46,111.17 4 0
telegram-reminder/internal/bot/handlers.go:111.17,113.4 1 0
telegram-reminder/internal/bot/handlers.go:114.3,114.22 1 0
telegram-reminder/internal/bot/handlers.go:118.2,118.46 1 0
telegram-reminder/internal/bot/handlers.go:118.46,123.17 4 0
telegram-reminder/internal/bot/handlers.go:123.17,125.4 1 0
telegram-reminder/internal/bot/handlers.go:126.3,126.22 1 0
telegram-reminder/internal/bot/handlers.go:130.2,130.51 1 0
telegram-reminder/internal/bot/handlers.go:130.51,136.17 5 0
telegram-reminder/internal/bot/handlers.go:136.17,139.4 2 0
telegram-reminder/internal/bot/handlers.go:140.3,141.17 2 0
telegram-reminder/internal/bot/handlers.go:141.17,144.4 2 0
telegram-reminder/internal/bot/handlers.go:145.3,146.39 2 0
telegram-reminder/internal/bot/handlers.go:146.39,149.4 2 0
telegram-reminder/internal/bot/handlers.go:150.3,155.64 2 0
telegram-reminder/internal/bot/handlers.go:155.64,158.4 2 0
telegram-reminder/internal/bot/handlers.go:159.3,160.21 2 0
telegram-reminder/internal/bot/handlers.go:164.2,164.45 1 0
telegram-reminder/internal/bot/handlers.go:164.45,166.14 2 0
telegram-reminder/internal/bot/handlers.go:166.14,168.4 1 0
telegram-reminder/internal/bot/handlers.go:169.3,173.17 4 0
telegram-reminder/internal/bot/handlers.go:173.17,175.4 1 0
telegram-reminder/internal/bot/handlers.go:176.3,177.13 2 0
telegram-reminder/internal/bot/handlers.go:182.81,184.2 1 0
telegram-reminder/internal/bot/handlers.go:187.48,189.2 1 0
telegram-reminder/internal/bot/handlers.go:192.55,195.2 2 0
telegram-reminder/internal/bot/handlers.go:198.66,201.2 2 0
telegram-reminder/internal/bot/handlers.go:204.54,206.2 1 0
telegram-reminder/internal/bot/openai.go:34.117,45.16 5 0
telegram-reminder/internal/bot/openai.go:45.16,47.3 1 0
telegram-reminder/internal/bot/openai.go:48.2,48.28 1 0
telegram-reminder/internal/bot/openai.go:48.28,50.3 1 0
telegram-reminder/internal/bot/openai.go:51.2,51.64 1 0
telegram-reminder/internal/bot/openai.go:55.97,58.2 2 0
telegram-reminder/internal/bot/openai.go:61.96,64.2 2 0
telegram-reminder/internal/bot/tasks.go:34.41,35.34 1 0
telegram-reminder/internal/bot/tasks.go:35.34,37.3 1 0
telegram-reminder/internal/bot/tasks.go:38.2,38.12 1 0
telegram-reminder/internal/bot/tasks.go:42.55,44.16 2 0
telegram-reminder/internal/bot/tasks.go:44.16,46.3 1 0
telegram-reminder/internal/bot/tasks.go:47.2,53.37 4 0
telegram-reminder/internal/bot/tasks.go:53.37,54.72 1 0
telegram-reminder/internal/bot/tasks.go:54.72,56.4 1 0
telegram-reminder/internal/bot/tasks.go:57.3,57.54 1 0
telegram-reminder/internal/bot/tasks.go:57.54,59.4 1 0
telegram-reminder/internal/bot/tasks.go:60.8,61.72 1 0
telegram-reminder/internal/bot/tasks.go:61.72,63.4 1 0
telegram-reminder/internal/bot/tasks.go:64.3,64.54 1 0
telegram-reminder/internal/bot/tasks.go:64.54,66.4 1 0
telegram-reminder/internal/bot/tasks.go:68.2,68.23 1 0
telegram-reminder/internal/bot/tasks.go:72.34,73.45 1 0
telegram-reminder/internal/bot/tasks.go:73.45,75.17 2 0
telegram-reminder/internal/bot/tasks.go:75.17,77.4 1 0
telegram-reminder/internal/bot/tasks.go:78.3,78.15 1 0
telegram-reminder/internal/bot/tasks.go:78.15,80.4 1 0
telegram-reminder/internal/bot/tasks.go:81.3,81.20 1 0
telegram-reminder/internal/bot/tasks.go:84.2,84.47 1 0
telegram-reminder/internal/bot/tasks.go:84.47,86.61 2 0
telegram-reminder/internal/bot/tasks.go:86.61,88.4 1 0
telegram-reminder/internal/bot/tasks.go:89.3,89.20 1 0
telegram-reminder/internal/bot/tasks.go:92.2,92.57 1 0
telegram-reminder/internal/bot/tasks.go:92.57,93.40 1 0
telegram-reminder/internal/bot/tasks.go:93.40,95.18 2 0
telegram-reminder/internal/bot/tasks.go:95.18,97.5 1 0
telegram-reminder/internal/bot/tasks.go:98.4,98.16 1 0
telegram-reminder/internal/bot/tasks.go:98.16,100.5 1 0
telegram-reminder/internal/bot/tasks.go:101.4,101.21 1 0
telegram-reminder/internal/bot/tasks.go:105.2,114.8 6 0
telegram-reminder/internal/bot/tasks.go:118.42,125.25 2 0
telegram-reminder/internal/bot/tasks.go:125.25,127.3 1 0
telegram-reminder/internal/bot/tasks.go:128.2,128.15 1 0
telegram-reminder/internal/bot/tasks.go:132.39,133.21 1 0
telegram-reminder/internal/bot/tasks.go:133.21,135.3 1 0
telegram-reminder/internal/bot/tasks.go:136.2,137.26 2 0
telegram-reminder/internal/bot/tasks.go:137.26,139.17 2 0
telegram-reminder/internal/bot/tasks.go:139.17,141.18 2 0
telegram-reminder/internal/bot/tasks.go:141.18,143.5 1 0
telegram-reminder/internal/bot/tasks.go:145.3,146.17 2 0
telegram-reminder/internal/bot/tasks.go:146.17,148.4 1 0
telegram-reminder/internal/bot/tasks.go:149.3,149.43 1 0
telegram-reminder/internal/bot/tasks.go:151.2,151.38 1 0
telegram-reminder/internal/bot/tasks.go:155.43,157.26 2 0
telegram-reminder/internal/bot/tasks.go:157.26,158.19 1 0
telegram-reminder/internal/bot/tasks.go:158.19,160.4 1 0
telegram-reminder/internal/bot/tasks.go:162.2,162.21 1 0
telegram-reminder/internal/bot/tasks.go:162.21,164.3 1 0
telegram-reminder/internal/bot/tasks.go:165.2,165.34 1 0
telegram-reminder/internal/bot/tasks.go:169.55,170.26 1 0
telegram-reminder/internal/bot/tasks.go:170.26,171.21 1 0
telegram-reminder/internal/bot/tasks.go:171.21,173.4 1 0
telegram-reminder/internal/bot/tasks.go:175.2,175.22 1 0
telegram-reminder/internal/bot/whitelist.go:18.39,23.16 4 0
telegram-reminder/internal/bot/whitelist.go:23.16,24.25 1 0
telegram-reminder/internal/bot/whitelist.go:24.25,26.4 1 0
telegram-reminder/internal/bot/whitelist.go:27.3,27.18 1 0
telegram-reminder/internal/bot/whitelist.go:29.2,30.20 2 0
telegram-reminder/internal/bot/whitelist.go:30.20,32.3 1 0
telegram-reminder/internal/bot/whitelist.go:33.2,33.51 1 0
telegram-reminder/internal/bot/whitelist.go:33.51,35.3 1 0
telegram-reminder/internal/bot/whitelist.go:36.2,36.17 1 0
telegram-reminder/internal/bot/whitelist.go:40.39,45.16 4 0
telegram-reminder/internal/bot/whitelist.go:45.16,47.3 1 0
telegram-reminder/internal/bot/whitelist.go:48.2,48.48 1 0
telegram-reminder/internal/bot/whitelist.go:52.39,54.2 1 0
telegram-reminder/internal/bot/whitelist.go:57.39,59.16 2 0
telegram-reminder/internal/bot/whitelist.go:59.16,61.3 1 0
telegram-reminder/internal/bot/whitelist.go:62.2,62.24 1 0
telegram-reminder/internal/bot/whitelist.go:62.24,63.14 1 0
telegram-reminder/internal/bot/whitelist.go:63.14,65.4 1 0
telegram-reminder/internal/bot/whitelist.go:67.2,68.27 2 0
telegram-reminder/internal/bot/whitelist.go:72.44,74.16 2 0
telegram-reminder/internal/bot/whitelist.go:74.16,76.3 1 0
telegram-reminder/internal/bot/whitelist.go:77.2,78.24 2 0
telegram-reminder/internal/bot/whitelist.go:78.24,79.14 1 0
telegram-reminder/internal/bot/whitelist.go:79.14,81.4 1 0
telegram-reminder/internal/bot/whitelist.go:83.2,83.27 1 0
telegram-reminder/internal/bot/whitelist.go:87.42,88.19 1 0
telegram-reminder/internal/bot/whitelist.go:88.19,90.3 1 0
telegram-reminder/internal/bot/whitelist.go:91.2,92.24 2 0
telegram-reminder/internal/bot/whitelist.go:92.24,94.3 1 0
telegram-reminder/internal/bot/whitelist.go:95.2,95.33 1 0
telegram-reminder/internal/logger/logger.go:15.13,17.2 1 0
telegram-reminder/internal/logger/logger.go:20.32,24.2 3 0
telegram-reminder/internal/logger/logger.go:27.31,31.2 3 0
telegram-reminder/internal/logger/logger.go:33.38,34.28 1 0
telegram-reminder/internal/logger/logger.go:35.15,36.25 1 0
telegram-reminder/internal/logger/logger.go:37.18,38.24 1 0
telegram-reminder/internal/logger/logger.go:39.25,40.24 1 0
telegram-reminder/internal/logger/logger.go:41.15,42.25 1 0
telegram-reminder/internal/logger/logger.go:43.10,44.24 1 0
telegram-reminder/main.go:11.13,13.16 2 0
telegram-reminder/main.go:13.16,16.3 2 0
telegram-reminder/main.go:17.2,17.37 1 0
telegram-reminder/main.go:17.37,20.3 2 0
